
*** Running vivado
    with args -log TopLevel.vds -m64 -product Vivado -mode batch -messageDb vivado.pb -notrace -source TopLevel.tcl


ECHO is off.
ECHO is off.

****** Vivado v2023.2 (64-bit)
  **** SW Build 4029153 on Fri Oct 13 20:14:34 MDT 2023
  **** IP Build 4028589 on Sat Oct 14 00:45:43 MDT 2023
  **** SharedData Build 4025554 on Tue Oct 10 17:18:54 MDT 2023
    ** Copyright 1986-2022 Xilinx, Inc. All Rights Reserved.
    ** Copyright 2022-2023 Advanced Micro Devices, Inc. All Rights Reserved.

source TopLevel.tcl -notrace
create_project: Time (s): cpu = 00:00:08 ; elapsed = 00:00:17 . Memory (MB): peak = 467.535 ; gain = 186.551
Command: read_checkpoint -auto_incremental -incremental C:/CA_ganz/CA_ganz.srcs/utils_1/imports/synth_1/TopLevel.dcp
INFO: [Vivado 12-5825] Read reference checkpoint from C:/CA_ganz/CA_ganz.srcs/utils_1/imports/synth_1/TopLevel.dcp for incremental synthesis
INFO: [Vivado 12-7989] Please ensure there are no constraint changes
Command: synth_design -top TopLevel -part xc7z020clg484-1
Starting synth_design
Attempting to get a license for feature 'Synthesis' and/or device 'xc7z020'
INFO: [Common 17-349] Got license for feature 'Synthesis' and/or device 'xc7z020'
INFO: [Designutils 20-5440] No compile time benefit to using incremental synthesis; A full resynthesis will be run
INFO: [Designutils 20-4379] Flow is switching to default flow due to incremental criteria not met. If you would like to alter this behaviour and have the flow terminate instead, please set the following parameter config_implementation {autoIncr.Synth.RejectBehavior Terminate}
INFO: [Synth 8-7079] Multithreading enabled for synth_design using a maximum of 2 processes.
INFO: [Synth 8-7078] Launching helper process for spawning children vivado processes
INFO: [Synth 8-7075] Helper process launched with PID 12940
---------------------------------------------------------------------------------
Starting Synthesize : Time (s): cpu = 00:00:11 ; elapsed = 00:00:17 . Memory (MB): peak = 916.832 ; gain = 438.016
---------------------------------------------------------------------------------
INFO: [Synth 8-6157] synthesizing module 'TopLevel' [C:/CA_ganz/CA_ganz.srcs/sources_1/new/TopLevel.sv:3]
INFO: [Synth 8-6157] synthesizing module 'InstrMem' [C:/CA_ganz/CA_ganz.srcs/sources_1/new/InstrMem.sv:3]
INFO: [Synth 8-6155] done synthesizing module 'InstrMem' (0#1) [C:/CA_ganz/CA_ganz.srcs/sources_1/new/InstrMem.sv:3]
INFO: [Synth 8-6157] synthesizing module 'InstrDec' [C:/CA_ganz/CA_ganz.srcs/sources_1/new/InstrDec.sv:3]
INFO: [Synth 8-226] default block is never used [C:/CA_ganz/CA_ganz.srcs/sources_1/new/InstrDec.sv:27]
INFO: [Synth 8-6155] done synthesizing module 'InstrDec' (0#1) [C:/CA_ganz/CA_ganz.srcs/sources_1/new/InstrDec.sv:3]
INFO: [Synth 8-6157] synthesizing module 'GPReg' [C:/CA_ganz/CA_ganz.srcs/sources_1/new/GPReg.sv:3]
INFO: [Synth 8-6155] done synthesizing module 'GPReg' (0#1) [C:/CA_ganz/CA_ganz.srcs/sources_1/new/GPReg.sv:3]
INFO: [Synth 8-6157] synthesizing module 'ALU' [C:/CA_ganz/CA_ganz.srcs/sources_1/new/ALU.sv:3]
INFO: [Synth 8-6155] done synthesizing module 'ALU' (0#1) [C:/CA_ganz/CA_ganz.srcs/sources_1/new/ALU.sv:3]
INFO: [Synth 8-6157] synthesizing module 'DataMem' [C:/CA_ganz/CA_ganz.srcs/sources_1/new/DataMem.sv:3]
INFO: [Synth 8-6155] done synthesizing module 'DataMem' (0#1) [C:/CA_ganz/CA_ganz.srcs/sources_1/new/DataMem.sv:3]
INFO: [Synth 8-6155] done synthesizing module 'TopLevel' (0#1) [C:/CA_ganz/CA_ganz.srcs/sources_1/new/TopLevel.sv:3]
WARNING: [Synth 8-7129] Port pc[63] in module InstrMem is either unconnected or has no load
WARNING: [Synth 8-7129] Port pc[62] in module InstrMem is either unconnected or has no load
WARNING: [Synth 8-7129] Port pc[61] in module InstrMem is either unconnected or has no load
WARNING: [Synth 8-7129] Port pc[60] in module InstrMem is either unconnected or has no load
WARNING: [Synth 8-7129] Port pc[59] in module InstrMem is either unconnected or has no load
WARNING: [Synth 8-7129] Port pc[58] in module InstrMem is either unconnected or has no load
WARNING: [Synth 8-7129] Port pc[57] in module InstrMem is either unconnected or has no load
WARNING: [Synth 8-7129] Port pc[56] in module InstrMem is either unconnected or has no load
WARNING: [Synth 8-7129] Port pc[55] in module InstrMem is either unconnected or has no load
WARNING: [Synth 8-7129] Port pc[54] in module InstrMem is either unconnected or has no load
WARNING: [Synth 8-7129] Port pc[53] in module InstrMem is either unconnected or has no load
WARNING: [Synth 8-7129] Port pc[52] in module InstrMem is either unconnected or has no load
WARNING: [Synth 8-7129] Port pc[51] in module InstrMem is either unconnected or has no load
WARNING: [Synth 8-7129] Port pc[50] in module InstrMem is either unconnected or has no load
WARNING: [Synth 8-7129] Port pc[49] in module InstrMem is either unconnected or has no load
WARNING: [Synth 8-7129] Port pc[48] in module InstrMem is either unconnected or has no load
WARNING: [Synth 8-7129] Port pc[47] in module InstrMem is either unconnected or has no load
WARNING: [Synth 8-7129] Port pc[46] in module InstrMem is either unconnected or has no load
WARNING: [Synth 8-7129] Port pc[45] in module InstrMem is either unconnected or has no load
WARNING: [Synth 8-7129] Port pc[44] in module InstrMem is either unconnected or has no load
WARNING: [Synth 8-7129] Port pc[43] in module InstrMem is either unconnected or has no load
WARNING: [Synth 8-7129] Port pc[42] in module InstrMem is either unconnected or has no load
WARNING: [Synth 8-7129] Port pc[41] in module InstrMem is either unconnected or has no load
WARNING: [Synth 8-7129] Port pc[40] in module InstrMem is either unconnected or has no load
WARNING: [Synth 8-7129] Port pc[39] in module InstrMem is either unconnected or has no load
WARNING: [Synth 8-7129] Port pc[38] in module InstrMem is either unconnected or has no load
WARNING: [Synth 8-7129] Port pc[37] in module InstrMem is either unconnected or has no load
WARNING: [Synth 8-7129] Port pc[36] in module InstrMem is either unconnected or has no load
WARNING: [Synth 8-7129] Port pc[35] in module InstrMem is either unconnected or has no load
WARNING: [Synth 8-7129] Port pc[34] in module InstrMem is either unconnected or has no load
WARNING: [Synth 8-7129] Port pc[33] in module InstrMem is either unconnected or has no load
WARNING: [Synth 8-7129] Port pc[32] in module InstrMem is either unconnected or has no load
WARNING: [Synth 8-7129] Port pc[31] in module InstrMem is either unconnected or has no load
WARNING: [Synth 8-7129] Port pc[30] in module InstrMem is either unconnected or has no load
WARNING: [Synth 8-7129] Port pc[29] in module InstrMem is either unconnected or has no load
WARNING: [Synth 8-7129] Port pc[28] in module InstrMem is either unconnected or has no load
WARNING: [Synth 8-7129] Port pc[27] in module InstrMem is either unconnected or has no load
WARNING: [Synth 8-7129] Port pc[26] in module InstrMem is either unconnected or has no load
WARNING: [Synth 8-7129] Port pc[25] in module InstrMem is either unconnected or has no load
WARNING: [Synth 8-7129] Port pc[24] in module InstrMem is either unconnected or has no load
WARNING: [Synth 8-7129] Port pc[23] in module InstrMem is either unconnected or has no load
WARNING: [Synth 8-7129] Port pc[22] in module InstrMem is either unconnected or has no load
WARNING: [Synth 8-7129] Port pc[21] in module InstrMem is either unconnected or has no load
WARNING: [Synth 8-7129] Port pc[20] in module InstrMem is either unconnected or has no load
WARNING: [Synth 8-7129] Port pc[19] in module InstrMem is either unconnected or has no load
WARNING: [Synth 8-7129] Port pc[18] in module InstrMem is either unconnected or has no load
WARNING: [Synth 8-7129] Port pc[17] in module InstrMem is either unconnected or has no load
WARNING: [Synth 8-7129] Port pc[16] in module InstrMem is either unconnected or has no load
WARNING: [Synth 8-7129] Port pc[15] in module InstrMem is either unconnected or has no load
WARNING: [Synth 8-7129] Port pc[14] in module InstrMem is either unconnected or has no load
WARNING: [Synth 8-7129] Port pc[13] in module InstrMem is either unconnected or has no load
WARNING: [Synth 8-7129] Port pc[12] in module InstrMem is either unconnected or has no load
WARNING: [Synth 8-7129] Port pc[11] in module InstrMem is either unconnected or has no load
WARNING: [Synth 8-7129] Port pc[10] in module InstrMem is either unconnected or has no load
WARNING: [Synth 8-7129] Port pc[9] in module InstrMem is either unconnected or has no load
WARNING: [Synth 8-7129] Port pc[8] in module InstrMem is either unconnected or has no load
WARNING: [Synth 8-7129] Port pc[7] in module InstrMem is either unconnected or has no load
WARNING: [Synth 8-7129] Port pc[6] in module InstrMem is either unconnected or has no load
WARNING: [Synth 8-7129] Port loadAddr[63] in module InstrMem is either unconnected or has no load
WARNING: [Synth 8-7129] Port loadAddr[62] in module InstrMem is either unconnected or has no load
WARNING: [Synth 8-7129] Port loadAddr[61] in module InstrMem is either unconnected or has no load
WARNING: [Synth 8-7129] Port loadAddr[60] in module InstrMem is either unconnected or has no load
WARNING: [Synth 8-7129] Port loadAddr[59] in module InstrMem is either unconnected or has no load
WARNING: [Synth 8-7129] Port loadAddr[58] in module InstrMem is either unconnected or has no load
WARNING: [Synth 8-7129] Port loadAddr[57] in module InstrMem is either unconnected or has no load
WARNING: [Synth 8-7129] Port loadAddr[56] in module InstrMem is either unconnected or has no load
WARNING: [Synth 8-7129] Port loadAddr[55] in module InstrMem is either unconnected or has no load
WARNING: [Synth 8-7129] Port loadAddr[54] in module InstrMem is either unconnected or has no load
WARNING: [Synth 8-7129] Port loadAddr[53] in module InstrMem is either unconnected or has no load
WARNING: [Synth 8-7129] Port loadAddr[52] in module InstrMem is either unconnected or has no load
WARNING: [Synth 8-7129] Port loadAddr[51] in module InstrMem is either unconnected or has no load
WARNING: [Synth 8-7129] Port loadAddr[50] in module InstrMem is either unconnected or has no load
WARNING: [Synth 8-7129] Port loadAddr[49] in module InstrMem is either unconnected or has no load
WARNING: [Synth 8-7129] Port loadAddr[48] in module InstrMem is either unconnected or has no load
WARNING: [Synth 8-7129] Port loadAddr[47] in module InstrMem is either unconnected or has no load
WARNING: [Synth 8-7129] Port loadAddr[46] in module InstrMem is either unconnected or has no load
WARNING: [Synth 8-7129] Port loadAddr[45] in module InstrMem is either unconnected or has no load
WARNING: [Synth 8-7129] Port loadAddr[44] in module InstrMem is either unconnected or has no load
WARNING: [Synth 8-7129] Port loadAddr[43] in module InstrMem is either unconnected or has no load
WARNING: [Synth 8-7129] Port loadAddr[42] in module InstrMem is either unconnected or has no load
WARNING: [Synth 8-7129] Port loadAddr[41] in module InstrMem is either unconnected or has no load
WARNING: [Synth 8-7129] Port loadAddr[40] in module InstrMem is either unconnected or has no load
WARNING: [Synth 8-7129] Port loadAddr[39] in module InstrMem is either unconnected or has no load
WARNING: [Synth 8-7129] Port loadAddr[38] in module InstrMem is either unconnected or has no load
WARNING: [Synth 8-7129] Port loadAddr[37] in module InstrMem is either unconnected or has no load
WARNING: [Synth 8-7129] Port loadAddr[36] in module InstrMem is either unconnected or has no load
WARNING: [Synth 8-7129] Port loadAddr[35] in module InstrMem is either unconnected or has no load
WARNING: [Synth 8-7129] Port loadAddr[34] in module InstrMem is either unconnected or has no load
WARNING: [Synth 8-7129] Port loadAddr[33] in module InstrMem is either unconnected or has no load
WARNING: [Synth 8-7129] Port loadAddr[32] in module InstrMem is either unconnected or has no load
WARNING: [Synth 8-7129] Port loadAddr[31] in module InstrMem is either unconnected or has no load
WARNING: [Synth 8-7129] Port loadAddr[30] in module InstrMem is either unconnected or has no load
WARNING: [Synth 8-7129] Port loadAddr[29] in module InstrMem is either unconnected or has no load
WARNING: [Synth 8-7129] Port loadAddr[28] in module InstrMem is either unconnected or has no load
WARNING: [Synth 8-7129] Port loadAddr[27] in module InstrMem is either unconnected or has no load
WARNING: [Synth 8-7129] Port loadAddr[26] in module InstrMem is either unconnected or has no load
WARNING: [Synth 8-7129] Port loadAddr[25] in module InstrMem is either unconnected or has no load
WARNING: [Synth 8-7129] Port loadAddr[24] in module InstrMem is either unconnected or has no load
WARNING: [Synth 8-7129] Port loadAddr[23] in module InstrMem is either unconnected or has no load
WARNING: [Synth 8-7129] Port loadAddr[22] in module InstrMem is either unconnected or has no load
INFO: [Common 17-14] Message 'Synth 8-7129' appears 100 times and further instances of the messages will be disabled. Use the Tcl command set_msg_config to change the current settings.
---------------------------------------------------------------------------------
Finished Synthesize : Time (s): cpu = 00:00:15 ; elapsed = 00:00:23 . Memory (MB): peak = 1027.520 ; gain = 548.703
---------------------------------------------------------------------------------
---------------------------------------------------------------------------------
Finished Constraint Validation : Time (s): cpu = 00:00:15 ; elapsed = 00:00:24 . Memory (MB): peak = 1027.520 ; gain = 548.703
---------------------------------------------------------------------------------
---------------------------------------------------------------------------------
Start Loading Part and Timing Information
---------------------------------------------------------------------------------
Loading part: xc7z020clg484-1
---------------------------------------------------------------------------------
Finished Loading Part and Timing Information : Time (s): cpu = 00:00:15 ; elapsed = 00:00:24 . Memory (MB): peak = 1027.520 ; gain = 548.703
---------------------------------------------------------------------------------
INFO: [Device 21-403] Loading part xc7z020clg484-1
---------------------------------------------------------------------------------
Finished RTL Optimization Phase 2 : Time (s): cpu = 00:00:16 ; elapsed = 00:00:25 . Memory (MB): peak = 1027.520 ; gain = 548.703
---------------------------------------------------------------------------------
No constraint files found.
---------------------------------------------------------------------------------
Start RTL Component Statistics 
---------------------------------------------------------------------------------
Detailed RTL Component Info : 
+---Adders : 
	   2 Input   64 Bit       Adders := 1     
	   3 Input   64 Bit       Adders := 1     
+---Registers : 
	               64 Bit    Registers := 32    
+---Muxes : 
	   5 Input   64 Bit        Muxes := 1     
	   2 Input   64 Bit        Muxes := 4     
	   8 Input    3 Bit        Muxes := 1     
	   5 Input    1 Bit        Muxes := 5     
	   2 Input    1 Bit        Muxes := 32    
---------------------------------------------------------------------------------
Finished RTL Component Statistics 
---------------------------------------------------------------------------------
---------------------------------------------------------------------------------
Start Part Resource Summary
---------------------------------------------------------------------------------
Part Resources:
DSPs: 220 (col length:60)
BRAMs: 280 (col length: RAMB18 60 RAMB36 30)
---------------------------------------------------------------------------------
Finished Part Resource Summary
---------------------------------------------------------------------------------
No constraint files found.
---------------------------------------------------------------------------------
Start Cross Boundary and Area Optimization
---------------------------------------------------------------------------------
WARNING: [Synth 8-7080] Parallel synthesis criteria is not met
---------------------------------------------------------------------------------
Finished Cross Boundary and Area Optimization : Time (s): cpu = 00:00:26 ; elapsed = 00:00:43 . Memory (MB): peak = 1239.352 ; gain = 760.535
---------------------------------------------------------------------------------
No constraint files found.
---------------------------------------------------------------------------------
Start Timing Optimization
---------------------------------------------------------------------------------
---------------------------------------------------------------------------------
Finished Timing Optimization : Time (s): cpu = 00:00:26 ; elapsed = 00:00:43 . Memory (MB): peak = 1239.352 ; gain = 760.535
---------------------------------------------------------------------------------
---------------------------------------------------------------------------------
Start Technology Mapping
---------------------------------------------------------------------------------
---------------------------------------------------------------------------------
Finished Technology Mapping : Time (s): cpu = 00:00:26 ; elapsed = 00:00:43 . Memory (MB): peak = 1239.352 ; gain = 760.535
---------------------------------------------------------------------------------
---------------------------------------------------------------------------------
Start IO Insertion
---------------------------------------------------------------------------------
---------------------------------------------------------------------------------
Start Flattening Before IO Insertion
---------------------------------------------------------------------------------
---------------------------------------------------------------------------------
Finished Flattening Before IO Insertion
---------------------------------------------------------------------------------
---------------------------------------------------------------------------------
Start Final Netlist Cleanup
---------------------------------------------------------------------------------
---------------------------------------------------------------------------------
Finished Final Netlist Cleanup
---------------------------------------------------------------------------------
---------------------------------------------------------------------------------
Finished IO Insertion : Time (s): cpu = 00:00:37 ; elapsed = 00:01:00 . Memory (MB): peak = 1239.352 ; gain = 760.535
---------------------------------------------------------------------------------
---------------------------------------------------------------------------------
Start Renaming Generated Instances
---------------------------------------------------------------------------------
---------------------------------------------------------------------------------
Finished Renaming Generated Instances : Time (s): cpu = 00:00:37 ; elapsed = 00:01:00 . Memory (MB): peak = 1239.352 ; gain = 760.535
---------------------------------------------------------------------------------
---------------------------------------------------------------------------------
Start Rebuilding User Hierarchy
---------------------------------------------------------------------------------
---------------------------------------------------------------------------------
Finished Rebuilding User Hierarchy : Time (s): cpu = 00:00:37 ; elapsed = 00:01:00 . Memory (MB): peak = 1239.352 ; gain = 760.535
---------------------------------------------------------------------------------
---------------------------------------------------------------------------------
Start Renaming Generated Ports
---------------------------------------------------------------------------------
---------------------------------------------------------------------------------
Finished Renaming Generated Ports : Time (s): cpu = 00:00:37 ; elapsed = 00:01:00 . Memory (MB): peak = 1239.352 ; gain = 760.535
---------------------------------------------------------------------------------
---------------------------------------------------------------------------------
Start Handling Custom Attributes
---------------------------------------------------------------------------------
---------------------------------------------------------------------------------
Finished Handling Custom Attributes : Time (s): cpu = 00:00:37 ; elapsed = 00:01:00 . Memory (MB): peak = 1239.352 ; gain = 760.535
---------------------------------------------------------------------------------
---------------------------------------------------------------------------------
Start Renaming Generated Nets
---------------------------------------------------------------------------------
---------------------------------------------------------------------------------
Finished Renaming Generated Nets : Time (s): cpu = 00:00:37 ; elapsed = 00:01:00 . Memory (MB): peak = 1239.352 ; gain = 760.535
---------------------------------------------------------------------------------
---------------------------------------------------------------------------------
Start Writing Synthesis Report
---------------------------------------------------------------------------------

Report BlackBoxes: 
+-+--------------+----------+
| |BlackBox name |Instances |
+-+--------------+----------+
+-+--------------+----------+

Report Cell Usage: 
+-+-----+------+
| |Cell |Count |
+-+-----+------+
+-+-----+------+

Report Instance Areas: 
+------+---------+-------+------+
|      |Instance |Module |Cells |
+------+---------+-------+------+
|1     |top      |       |     0|
+------+---------+-------+------+
---------------------------------------------------------------------------------
Finished Writing Synthesis Report : Time (s): cpu = 00:00:37 ; elapsed = 00:01:00 . Memory (MB): peak = 1239.352 ; gain = 760.535
---------------------------------------------------------------------------------
Synthesis finished with 0 errors, 0 critical warnings and 175 warnings.
Synthesis Optimization Runtime : Time (s): cpu = 00:00:37 ; elapsed = 00:01:00 . Memory (MB): peak = 1239.352 ; gain = 760.535
Synthesis Optimization Complete : Time (s): cpu = 00:00:37 ; elapsed = 00:01:00 . Memory (MB): peak = 1239.352 ; gain = 760.535
INFO: [Project 1-571] Translating synthesized netlist
Netlist sorting complete. Time (s): cpu = 00:00:00 ; elapsed = 00:00:00.001 . Memory (MB): peak = 1239.352 ; gain = 0.000
INFO: [Project 1-570] Preparing netlist for logic optimization
INFO: [Opt 31-138] Pushed 0 inverter(s) to 0 load pin(s).
Netlist sorting complete. Time (s): cpu = 00:00:00 ; elapsed = 00:00:00 . Memory (MB): peak = 1344.582 ; gain = 0.000
INFO: [Project 1-111] Unisim Transformation Summary:
No Unisim elements were transformed.

The system cannot find the path specified.
Synth Design complete | Checksum: d9fc9e37
INFO: [Common 17-83] Releasing license: Synthesis
28 Infos, 101 Warnings, 0 Critical Warnings and 0 Errors encountered.
synth_design completed successfully
synth_design: Time (s): cpu = 00:00:40 ; elapsed = 00:01:06 . Memory (MB): peak = 1344.582 ; gain = 873.102
INFO: [Common 17-1381] The checkpoint 'C:/CA_ganz/CA_ganz.runs/synth_1/TopLevel.dcp' has been generated.
INFO: [runtcl-4] Executing : report_utilization -file TopLevel_utilization_synth.rpt -pb TopLevel_utilization_synth.pb
INFO: [Common 17-206] Exiting Vivado at Wed Jun 19 13:26:10 2024...
